0 info it worked if it ends with ok
1 verbose cli [ 'c:\\Program Files\\nodejs\\node.exe',
1 verbose cli   'c:\\Program Files\\nodejs\\node_modules\\npm\\bin\\npm-cli.js',
1 verbose cli   'run',
1 verbose cli   'lint' ]
2 info using npm@3.10.3
3 info using node@v6.4.0
4 verbose run-script [ 'prelint', 'lint', 'postlint' ]
5 info lifecycle fambit@0.1.0~prelint: fambit@0.1.0
6 silly lifecycle fambit@0.1.0~prelint: no script for prelint, continuing
7 info lifecycle fambit@0.1.0~lint: fambit@0.1.0
8 verbose lifecycle fambit@0.1.0~lint: unsafe-perm in lifecycle true
9 verbose lifecycle fambit@0.1.0~lint: PATH: c:\Program Files\nodejs\node_modules\npm\bin\node-gyp-bin;c:\Users\Mitch\fambit\fambit\node_modules\.bin;c:\Program Files\nodejs;c:\Users\Mitch\bin;.;C:\Program Files (x86)\Git\local\bin;C:\Program Files (x86)\Git\mingw\bin;C:\Program Files (x86)\Git\bin;c:\ProgramData\Oracle\Java\javapath;c:\Program Files (x86)\NVIDIA Corporation\PhysX\Common;c:\Windows\system32;c:\Windows;c:\Windows\System32\Wbem;c:\Windows\System32\WindowsPowerShell\v1.0\;C:\Program Files (x86)\Git\cmd;c:\Program Files (x86)\GitExtensions\;%NODE%;c:\Program Files\nodejs\;c:\Program Files (x86)\Android\platform-tools;c:\Program Files (x86)\Android\tools;c:\Users\Mitch\node;c:\Users\Mitch\AppData\Roaming\npm
10 verbose lifecycle fambit@0.1.0~lint: CWD: c:\Users\Mitch\fambit\fambit
11 silly lifecycle fambit@0.1.0~lint: Args: [ '/d /s /c', 'eslint ./app ./test' ]
12 silly lifecycle fambit@0.1.0~lint: Returned: code: 1  signal: null
13 info lifecycle fambit@0.1.0~lint: Failed to exec lint script
14 verbose stack Error: fambit@0.1.0 lint: `eslint ./app ./test`
14 verbose stack Exit status 1
14 verbose stack     at EventEmitter.<anonymous> (c:\Program Files\nodejs\node_modules\npm\lib\utils\lifecycle.js:242:16)
14 verbose stack     at emitTwo (events.js:106:13)
14 verbose stack     at EventEmitter.emit (events.js:191:7)
14 verbose stack     at ChildProcess.<anonymous> (c:\Program Files\nodejs\node_modules\npm\lib\utils\spawn.js:40:14)
14 verbose stack     at emitTwo (events.js:106:13)
14 verbose stack     at ChildProcess.emit (events.js:191:7)
14 verbose stack     at maybeClose (internal/child_process.js:852:16)
14 verbose stack     at Process.ChildProcess._handle.onexit (internal/child_process.js:215:5)
15 verbose pkgid fambit@0.1.0
16 verbose cwd c:\Users\Mitch\fambit\fambit
17 error Windows_NT 6.1.7601
18 error argv "c:\\Program Files\\nodejs\\node.exe" "c:\\Program Files\\nodejs\\node_modules\\npm\\bin\\npm-cli.js" "run" "lint"
19 error node v6.4.0
20 error npm  v3.10.3
21 error code ELIFECYCLE
22 error fambit@0.1.0 lint: `eslint ./app ./test`
22 error Exit status 1
23 error Failed at the fambit@0.1.0 lint script 'eslint ./app ./test'.
23 error Make sure you have the latest version of node.js and npm installed.
23 error If you do, this is most likely a problem with the fambit package,
23 error not with npm itself.
23 error Tell the author that this fails on your system:
23 error     eslint ./app ./test
23 error You can get information on how to open an issue for this project with:
23 error     npm bugs fambit
23 error Or if that isn't available, you can get their info via:
23 error     npm owner ls fambit
23 error There is likely additional logging output above.
24 verbose exit [ 1, true ]
